<?xml version="1.0" encoding="UTF-8" ?>
<testsuites disabled="0" errors="0" failures="0" tests="4" time="10.107">
 <testsuite name="demo cal tests" timestamp="2021-09-19T13:14:11" hostname="localhost" time="10.107" errors="0" tests="4" skipped="0" disabled="0" failures="0">
  <testcase classname="demo cal tests" name="addition test" time="9.799" />
  <testcase classname="demo cal tests" name="substraction test" time="0.096" />
  <testcase classname="demo cal tests" name="multiplication test" time="0.1" />
  <testcase classname="demo cal tests" name="division test" time="0.1" />
 </testsuite>
</testsuites>